  [1m[36m (14.6ms)[0m  [1mCREATE TABLE "schema_migrations" ("version" varchar(255) NOT NULL) [0m
  [1m[35m (0.2ms)[0m  select sqlite_version(*)
  [1m[36m (15.4ms)[0m  [1mCREATE UNIQUE INDEX "unique_schema_migrations" ON "schema_migrations" ("version")[0m
  [1m[35mActiveRecord::SchemaMigration Load (0.2ms)[0m  SELECT "schema_migrations".* FROM "schema_migrations"
Migrating to CreateEvents (20150308191822)
  [1m[36m (0.1ms)[0m  [1mbegin transaction[0m
  [1m[35m (0.6ms)[0m  CREATE TABLE "events" ("id" INTEGER PRIMARY KEY AUTOINCREMENT NOT NULL, "name" varchar(255), "locations_id" integer, "created_at" datetime, "updated_at" datetime) 
  [1m[36m (0.1ms)[0m  [1mCREATE  INDEX "index_events_on_locations_id" ON "events" ("locations_id")[0m
  [1m[35mSQL (0.2ms)[0m  INSERT INTO "schema_migrations" ("version") VALUES (?)  [["version", "20150308191822"]]
  [1m[36m (22.5ms)[0m  [1mcommit transaction[0m
Migrating to CreateLocations (20150308191832)
  [1m[35m (0.2ms)[0m  begin transaction
  [1m[36m (0.5ms)[0m  [1mCREATE TABLE "locations" ("id" INTEGER PRIMARY KEY AUTOINCREMENT NOT NULL, "name" varchar(255), "tag" varchar(255), "event_id" integer, "events_id" integer, "created_at" datetime, "updated_at" datetime) [0m
  [1m[35m (0.2ms)[0m  CREATE  INDEX "index_locations_on_event_id" ON "locations" ("event_id")
  [1m[36m (0.1ms)[0m  [1m            SELECT sql
            FROM sqlite_master
            WHERE name='index_locations_on_event_id' AND type='index'
            UNION ALL
            SELECT sql
            FROM sqlite_temp_master
            WHERE name='index_locations_on_event_id' AND type='index'
[0m
  [1m[35m (0.1ms)[0m  CREATE  INDEX "index_locations_on_events_id" ON "locations" ("events_id")
  [1m[36mSQL (0.2ms)[0m  [1mINSERT INTO "schema_migrations" ("version") VALUES (?)[0m  [["version", "20150308191832"]]
  [1m[35m (15.4ms)[0m  commit transaction
Migrating to CreateEventsLocations (20150308192047)
  [1m[36m (0.1ms)[0m  [1mbegin transaction[0m
  [1m[35m (0.4ms)[0m  CREATE TABLE "events_locations" () 
SQLite3::SQLException: near ")": syntax error: CREATE TABLE "events_locations" () 
  [1m[36m (0.1ms)[0m  [1mrollback transaction[0m
  [1m[36mActiveRecord::SchemaMigration Load (0.1ms)[0m  [1mSELECT "schema_migrations".* FROM "schema_migrations"[0m
  [1m[35mActiveRecord::SchemaMigration Load (0.2ms)[0m  SELECT "schema_migrations".* FROM "schema_migrations"
  [1m[36m (0.3ms)[0m  [1m            SELECT sql
            FROM sqlite_master
            WHERE name='index_events_on_locations_id' AND type='index'
            UNION ALL
            SELECT sql
            FROM sqlite_temp_master
            WHERE name='index_events_on_locations_id' AND type='index'
[0m
  [1m[35m (0.2ms)[0m              SELECT sql
            FROM sqlite_master
            WHERE name='index_locations_on_events_id' AND type='index'
            UNION ALL
            SELECT sql
            FROM sqlite_temp_master
            WHERE name='index_locations_on_events_id' AND type='index'

  [1m[36m (0.2ms)[0m  [1m            SELECT sql
            FROM sqlite_master
            WHERE name='index_locations_on_event_id' AND type='index'
            UNION ALL
            SELECT sql
            FROM sqlite_temp_master
            WHERE name='index_locations_on_event_id' AND type='index'
[0m
  [1m[36mActiveRecord::SchemaMigration Load (0.1ms)[0m  [1mSELECT "schema_migrations".* FROM "schema_migrations"[0m
Migrating to CreateEventsLocations (20150308192047)
  [1m[35m (0.1ms)[0m  begin transaction
  [1m[36m (0.2ms)[0m  [1mCREATE TABLE "events_locations" () [0m
SQLite3::SQLException: near ")": syntax error: CREATE TABLE "events_locations" () 
  [1m[35m (0.1ms)[0m  rollback transaction
  [1m[36mActiveRecord::SchemaMigration Load (0.2ms)[0m  [1mSELECT "schema_migrations".* FROM "schema_migrations"[0m
Migrating to CreateEventsLocations (20150308192047)
  [1m[35m (0.1ms)[0m  begin transaction
  [1m[36m (0.5ms)[0m  [1mCREATE TABLE "events_locations" ("id" INTEGER PRIMARY KEY AUTOINCREMENT NOT NULL) [0m
  [1m[35mSQL (0.2ms)[0m  INSERT INTO "schema_migrations" ("version") VALUES (?)  [["version", "20150308192047"]]
  [1m[36m (11.8ms)[0m  [1mcommit transaction[0m
  [1m[35mActiveRecord::SchemaMigration Load (0.1ms)[0m  SELECT "schema_migrations".* FROM "schema_migrations"
  [1m[36m (0.2ms)[0m  [1m            SELECT sql
            FROM sqlite_master
            WHERE name='index_events_on_locations_id' AND type='index'
            UNION ALL
            SELECT sql
            FROM sqlite_temp_master
            WHERE name='index_events_on_locations_id' AND type='index'
[0m
  [1m[35m (0.2ms)[0m              SELECT sql
            FROM sqlite_master
            WHERE name='index_locations_on_events_id' AND type='index'
            UNION ALL
            SELECT sql
            FROM sqlite_temp_master
            WHERE name='index_locations_on_events_id' AND type='index'

  [1m[36m (0.1ms)[0m  [1m            SELECT sql
            FROM sqlite_master
            WHERE name='index_locations_on_event_id' AND type='index'
            UNION ALL
            SELECT sql
            FROM sqlite_temp_master
            WHERE name='index_locations_on_event_id' AND type='index'
[0m
  [1m[36mActiveRecord::SchemaMigration Load (0.1ms)[0m  [1mSELECT "schema_migrations".* FROM "schema_migrations"[0m
  [1m[35mActiveRecord::SchemaMigration Load (0.1ms)[0m  SELECT "schema_migrations".* FROM "schema_migrations"
  [1m[36m (0.2ms)[0m  [1m            SELECT sql
            FROM sqlite_master
            WHERE name='index_events_on_locations_id' AND type='index'
            UNION ALL
            SELECT sql
            FROM sqlite_temp_master
            WHERE name='index_events_on_locations_id' AND type='index'
[0m
  [1m[35m (0.2ms)[0m              SELECT sql
            FROM sqlite_master
            WHERE name='index_locations_on_events_id' AND type='index'
            UNION ALL
            SELECT sql
            FROM sqlite_temp_master
            WHERE name='index_locations_on_events_id' AND type='index'

  [1m[36m (0.2ms)[0m  [1m            SELECT sql
            FROM sqlite_master
            WHERE name='index_locations_on_event_id' AND type='index'
            UNION ALL
            SELECT sql
            FROM sqlite_temp_master
            WHERE name='index_locations_on_event_id' AND type='index'
[0m
  [1m[36mActiveRecord::SchemaMigration Load (0.1ms)[0m  [1mSELECT "schema_migrations".* FROM "schema_migrations"[0m
  [1m[35mActiveRecord::SchemaMigration Load (0.2ms)[0m  SELECT "schema_migrations".* FROM "schema_migrations"
  [1m[36m (0.2ms)[0m  [1m            SELECT sql
            FROM sqlite_master
            WHERE name='index_events_on_locations_id' AND type='index'
            UNION ALL
            SELECT sql
            FROM sqlite_temp_master
            WHERE name='index_events_on_locations_id' AND type='index'
[0m
  [1m[35m (0.2ms)[0m              SELECT sql
            FROM sqlite_master
            WHERE name='index_locations_on_events_id' AND type='index'
            UNION ALL
            SELECT sql
            FROM sqlite_temp_master
            WHERE name='index_locations_on_events_id' AND type='index'

  [1m[36m (0.2ms)[0m  [1m            SELECT sql
            FROM sqlite_master
            WHERE name='index_locations_on_event_id' AND type='index'
            UNION ALL
            SELECT sql
            FROM sqlite_temp_master
            WHERE name='index_locations_on_event_id' AND type='index'
[0m
  [1m[36mActiveRecord::SchemaMigration Load (0.2ms)[0m  [1mSELECT "schema_migrations".* FROM "schema_migrations"[0m
  [1m[35mActiveRecord::SchemaMigration Load (0.2ms)[0m  SELECT "schema_migrations".* FROM "schema_migrations"
  [1m[36m (0.2ms)[0m  [1m            SELECT sql
            FROM sqlite_master
            WHERE name='index_events_on_locations_id' AND type='index'
            UNION ALL
            SELECT sql
            FROM sqlite_temp_master
            WHERE name='index_events_on_locations_id' AND type='index'
[0m
  [1m[35m (0.2ms)[0m              SELECT sql
            FROM sqlite_master
            WHERE name='index_locations_on_events_id' AND type='index'
            UNION ALL
            SELECT sql
            FROM sqlite_temp_master
            WHERE name='index_locations_on_events_id' AND type='index'

  [1m[36m (0.1ms)[0m  [1m            SELECT sql
            FROM sqlite_master
            WHERE name='index_locations_on_event_id' AND type='index'
            UNION ALL
            SELECT sql
            FROM sqlite_temp_master
            WHERE name='index_locations_on_event_id' AND type='index'
[0m
  [1m[36mActiveRecord::SchemaMigration Load (0.1ms)[0m  [1mSELECT "schema_migrations".* FROM "schema_migrations"[0m
  [1m[35m (0.1ms)[0m  begin transaction
  [1m[36mSQL (0.8ms)[0m  [1mINSERT INTO "events" ("created_at", "name", "updated_at") VALUES (?, ?, ?)[0m  [["created_at", "2015-03-08 19:34:28.762687"], ["name", "Event 1"], ["updated_at", "2015-03-08 19:34:28.762687"]]
  [1m[35m (10.7ms)[0m  commit transaction
  [1m[36m (0.1ms)[0m  [1mbegin transaction[0m
  [1m[35mSQL (0.3ms)[0m  INSERT INTO "events" ("created_at", "name", "updated_at") VALUES (?, ?, ?)  [["created_at", "2015-03-08 19:34:28.779839"], ["name", "Event 2"], ["updated_at", "2015-03-08 19:34:28.779839"]]
  [1m[36m (10.2ms)[0m  [1mcommit transaction[0m
  [1m[35m (0.1ms)[0m  begin transaction
  [1m[36mSQL (0.4ms)[0m  [1mINSERT INTO "locations" ("created_at", "name", "tag", "updated_at") VALUES (?, ?, ?, ?)[0m  [["created_at", "2015-03-08 19:34:28.801783"], ["name", "Locations 1"], ["tag", "5S8xgwGX"], ["updated_at", "2015-03-08 19:34:28.801783"]]
  [1m[35m (8.5ms)[0m  commit transaction
  [1m[36m (0.1ms)[0m  [1mbegin transaction[0m
  [1m[35mSQL (0.3ms)[0m  INSERT INTO "locations" ("created_at", "name", "tag", "updated_at") VALUES (?, ?, ?, ?)  [["created_at", "2015-03-08 19:34:28.812734"], ["name", "Locations 2"], ["tag", "9gKPubij"], ["updated_at", "2015-03-08 19:34:28.812734"]]
  [1m[36m (9.2ms)[0m  [1mcommit transaction[0m
  [1m[35m (0.1ms)[0m  begin transaction
  [1m[36mSQL (0.3ms)[0m  [1mINSERT INTO "locations" ("created_at", "name", "tag", "updated_at") VALUES (?, ?, ?, ?)[0m  [["created_at", "2015-03-08 19:34:28.823767"], ["name", "Locations 3"], ["tag", "9ho2zCbD"], ["updated_at", "2015-03-08 19:34:28.823767"]]
  [1m[35m (7.7ms)[0m  commit transaction
  [1m[36m (0.1ms)[0m  [1mbegin transaction[0m
  [1m[35mSQL (0.3ms)[0m  INSERT INTO "locations" ("created_at", "name", "tag", "updated_at") VALUES (?, ?, ?, ?)  [["created_at", "2015-03-08 19:34:28.833161"], ["name", "Locations 4"], ["tag", "k06AUcQ4"], ["updated_at", "2015-03-08 19:34:28.833161"]]
  [1m[36m (10.2ms)[0m  [1mcommit transaction[0m
  [1m[35m (0.1ms)[0m  begin transaction
  [1m[36mSQL (0.3ms)[0m  [1mINSERT INTO "locations" ("created_at", "name", "tag", "updated_at") VALUES (?, ?, ?, ?)[0m  [["created_at", "2015-03-08 19:34:28.845073"], ["name", "Locations 5"], ["tag", "n2TmG0gR"], ["updated_at", "2015-03-08 19:34:28.845073"]]
  [1m[35m (10.1ms)[0m  commit transaction
  [1m[36mEvent Load (5.8ms)[0m  [1mSELECT "events".* FROM "events"[0m
  [1m[35mLocation Load (0.8ms)[0m  SELECT "locations".* FROM "locations"
  [1m[36mActiveRecord::SchemaMigration Load (0.2ms)[0m  [1mSELECT "schema_migrations".* FROM "schema_migrations"[0m
  [1m[35mActiveRecord::SchemaMigration Load (0.1ms)[0m  SELECT "schema_migrations".* FROM "schema_migrations"
  [1m[36m (0.2ms)[0m  [1m            SELECT sql
            FROM sqlite_master
            WHERE name='index_events_on_locations_id' AND type='index'
            UNION ALL
            SELECT sql
            FROM sqlite_temp_master
            WHERE name='index_events_on_locations_id' AND type='index'
[0m
  [1m[35m (0.2ms)[0m              SELECT sql
            FROM sqlite_master
            WHERE name='index_locations_on_events_id' AND type='index'
            UNION ALL
            SELECT sql
            FROM sqlite_temp_master
            WHERE name='index_locations_on_events_id' AND type='index'

  [1m[36m (0.2ms)[0m  [1m            SELECT sql
            FROM sqlite_master
            WHERE name='index_locations_on_event_id' AND type='index'
            UNION ALL
            SELECT sql
            FROM sqlite_temp_master
            WHERE name='index_locations_on_event_id' AND type='index'
[0m
  [1m[36mActiveRecord::SchemaMigration Load (0.2ms)[0m  [1mSELECT "schema_migrations".* FROM "schema_migrations"[0m
  [1m[35m (0.1ms)[0m  begin transaction
  [1m[36mSQL (0.9ms)[0m  [1mINSERT INTO "events" ("created_at", "name", "updated_at") VALUES (?, ?, ?)[0m  [["created_at", "2015-03-08 19:39:28.378648"], ["name", "Event 1"], ["updated_at", "2015-03-08 19:39:28.378648"]]
  [1m[35m (16.4ms)[0m  commit transaction
  [1m[36m (0.1ms)[0m  [1mbegin transaction[0m
  [1m[35mSQL (0.3ms)[0m  INSERT INTO "events" ("created_at", "name", "updated_at") VALUES (?, ?, ?)  [["created_at", "2015-03-08 19:39:28.404575"], ["name", "Event 2"], ["updated_at", "2015-03-08 19:39:28.404575"]]
  [1m[36m (14.3ms)[0m  [1mcommit transaction[0m
  [1m[35m (0.1ms)[0m  begin transaction
  [1m[36mSQL (0.5ms)[0m  [1mINSERT INTO "locations" ("created_at", "name", "tag", "updated_at") VALUES (?, ?, ?, ?)[0m  [["created_at", "2015-03-08 19:39:28.435956"], ["name", "Locations 1"], ["tag", "16dStliv"], ["updated_at", "2015-03-08 19:39:28.435956"]]
  [1m[35m (95.1ms)[0m  commit transaction
  [1m[36m (0.1ms)[0m  [1mbegin transaction[0m
  [1m[35mSQL (0.3ms)[0m  INSERT INTO "locations" ("created_at", "name", "tag", "updated_at") VALUES (?, ?, ?, ?)  [["created_at", "2015-03-08 19:39:28.533762"], ["name", "Locations 2"], ["tag", "LlTCJoUb"], ["updated_at", "2015-03-08 19:39:28.533762"]]
  [1m[36m (15.6ms)[0m  [1mcommit transaction[0m
  [1m[35m (0.1ms)[0m  begin transaction
  [1m[36mSQL (0.6ms)[0m  [1mINSERT INTO "locations" ("created_at", "name", "tag", "updated_at") VALUES (?, ?, ?, ?)[0m  [["created_at", "2015-03-08 19:39:28.553039"], ["name", "Locations 3"], ["tag", "9HM1vpVh"], ["updated_at", "2015-03-08 19:39:28.553039"]]
  [1m[35m (18.6ms)[0m  commit transaction
  [1m[36m (0.1ms)[0m  [1mbegin transaction[0m
  [1m[35mSQL (0.5ms)[0m  INSERT INTO "locations" ("created_at", "name", "tag", "updated_at") VALUES (?, ?, ?, ?)  [["created_at", "2015-03-08 19:39:28.575398"], ["name", "Locations 4"], ["tag", "gRKm3piO"], ["updated_at", "2015-03-08 19:39:28.575398"]]
  [1m[36m (11.6ms)[0m  [1mcommit transaction[0m
  [1m[35m (0.1ms)[0m  begin transaction
  [1m[36mSQL (0.4ms)[0m  [1mINSERT INTO "locations" ("created_at", "name", "tag", "updated_at") VALUES (?, ?, ?, ?)[0m  [["created_at", "2015-03-08 19:39:28.589864"], ["name", "Locations 5"], ["tag", "ExI0GduW"], ["updated_at", "2015-03-08 19:39:28.589864"]]
  [1m[35m (16.4ms)[0m  commit transaction
  [1m[36mEvent Load (0.8ms)[0m  [1mSELECT "events".* FROM "events"[0m
  [1m[35mEvent Load (0.4ms)[0m  SELECT "events".* FROM "events"
  [1m[36mActiveRecord::SchemaMigration Load (0.2ms)[0m  [1mSELECT "schema_migrations".* FROM "schema_migrations"[0m
  [1m[35m (0.2ms)[0m  begin transaction
  [1m[36mSQL (0.7ms)[0m  [1mINSERT INTO "events" ("created_at", "name", "updated_at") VALUES (?, ?, ?)[0m  [["created_at", "2015-03-08 19:40:00.889756"], ["name", "Event 1"], ["updated_at", "2015-03-08 19:40:00.889756"]]
  [1m[35m (44.4ms)[0m  commit transaction
  [1m[36m (0.1ms)[0m  [1mbegin transaction[0m
  [1m[35mSQL (0.4ms)[0m  INSERT INTO "events" ("created_at", "name", "updated_at") VALUES (?, ?, ?)  [["created_at", "2015-03-08 19:40:00.941813"], ["name", "Event 2"], ["updated_at", "2015-03-08 19:40:00.941813"]]
  [1m[36m (16.1ms)[0m  [1mcommit transaction[0m
  [1m[35m (0.1ms)[0m  begin transaction
  [1m[36mSQL (0.4ms)[0m  [1mINSERT INTO "locations" ("created_at", "name", "tag", "updated_at") VALUES (?, ?, ?, ?)[0m  [["created_at", "2015-03-08 19:40:00.976546"], ["name", "Locations 1"], ["tag", "roHuRtKe"], ["updated_at", "2015-03-08 19:40:00.976546"]]
  [1m[35m (21.7ms)[0m  commit transaction
  [1m[36m (0.1ms)[0m  [1mbegin transaction[0m
  [1m[35mSQL (0.3ms)[0m  INSERT INTO "locations" ("created_at", "name", "tag", "updated_at") VALUES (?, ?, ?, ?)  [["created_at", "2015-03-08 19:40:01.001148"], ["name", "Locations 2"], ["tag", "9f8l3exW"], ["updated_at", "2015-03-08 19:40:01.001148"]]
  [1m[36m (14.2ms)[0m  [1mcommit transaction[0m
  [1m[35m (0.1ms)[0m  begin transaction
  [1m[36mSQL (0.4ms)[0m  [1mINSERT INTO "locations" ("created_at", "name", "tag", "updated_at") VALUES (?, ?, ?, ?)[0m  [["created_at", "2015-03-08 19:40:01.017827"], ["name", "Locations 3"], ["tag", "cAsmYzbe"], ["updated_at", "2015-03-08 19:40:01.017827"]]
  [1m[35m (13.4ms)[0m  commit transaction
  [1m[36m (0.2ms)[0m  [1mbegin transaction[0m
  [1m[35mSQL (0.5ms)[0m  INSERT INTO "locations" ("created_at", "name", "tag", "updated_at") VALUES (?, ?, ?, ?)  [["created_at", "2015-03-08 19:40:01.034106"], ["name", "Locations 4"], ["tag", "EgRU5d8o"], ["updated_at", "2015-03-08 19:40:01.034106"]]
  [1m[36m (11.7ms)[0m  [1mcommit transaction[0m
  [1m[35m (0.1ms)[0m  begin transaction
  [1m[36mSQL (0.7ms)[0m  [1mINSERT INTO "locations" ("created_at", "name", "tag", "updated_at") VALUES (?, ?, ?, ?)[0m  [["created_at", "2015-03-08 19:40:01.049329"], ["name", "Locations 5"], ["tag", "NybWphrI"], ["updated_at", "2015-03-08 19:40:01.049329"]]
  [1m[35m (12.2ms)[0m  commit transaction
  [1m[36mEvent Load (3.7ms)[0m  [1mSELECT "events".* FROM "events"[0m
  [1m[35mLocation Load (0.7ms)[0m  SELECT "locations".* FROM "locations"
  [1m[36mActiveRecord::SchemaMigration Load (0.2ms)[0m  [1mSELECT "schema_migrations".* FROM "schema_migrations"[0m
  [1m[35mActiveRecord::SchemaMigration Load (0.2ms)[0m  SELECT "schema_migrations".* FROM "schema_migrations"
  [1m[36m (0.3ms)[0m  [1m            SELECT sql
            FROM sqlite_master
            WHERE name='index_events_on_locations_id' AND type='index'
            UNION ALL
            SELECT sql
            FROM sqlite_temp_master
            WHERE name='index_events_on_locations_id' AND type='index'
[0m
  [1m[35m (0.2ms)[0m              SELECT sql
            FROM sqlite_master
            WHERE name='index_locations_on_events_id' AND type='index'
            UNION ALL
            SELECT sql
            FROM sqlite_temp_master
            WHERE name='index_locations_on_events_id' AND type='index'

  [1m[36m (0.2ms)[0m  [1m            SELECT sql
            FROM sqlite_master
            WHERE name='index_locations_on_event_id' AND type='index'
            UNION ALL
            SELECT sql
            FROM sqlite_temp_master
            WHERE name='index_locations_on_event_id' AND type='index'
[0m
  [1m[36mActiveRecord::SchemaMigration Load (0.2ms)[0m  [1mSELECT "schema_migrations".* FROM "schema_migrations"[0m
  [1m[35mActiveRecord::SchemaMigration Load (0.1ms)[0m  SELECT "schema_migrations".* FROM "schema_migrations"
  [1m[36m (0.2ms)[0m  [1m            SELECT sql
            FROM sqlite_master
            WHERE name='index_events_on_locations_id' AND type='index'
            UNION ALL
            SELECT sql
            FROM sqlite_temp_master
            WHERE name='index_events_on_locations_id' AND type='index'
[0m
  [1m[35m (0.2ms)[0m              SELECT sql
            FROM sqlite_master
            WHERE name='index_locations_on_events_id' AND type='index'
            UNION ALL
            SELECT sql
            FROM sqlite_temp_master
            WHERE name='index_locations_on_events_id' AND type='index'

  [1m[36m (0.2ms)[0m  [1m            SELECT sql
            FROM sqlite_master
            WHERE name='index_locations_on_event_id' AND type='index'
            UNION ALL
            SELECT sql
            FROM sqlite_temp_master
            WHERE name='index_locations_on_event_id' AND type='index'
[0m
  [1m[36mActiveRecord::SchemaMigration Load (0.2ms)[0m  [1mSELECT "schema_migrations".* FROM "schema_migrations"[0m
  [1m[35mActiveRecord::SchemaMigration Load (0.3ms)[0m  SELECT "schema_migrations".* FROM "schema_migrations"
Migrating to CreateEventsLocations (20150308192047)
  [1m[36m (0.1ms)[0m  [1mbegin transaction[0m
  [1m[35m (0.8ms)[0m  DROP TABLE "events_locations"
  [1m[36mSQL (0.1ms)[0m  [1mDELETE FROM "schema_migrations" WHERE "schema_migrations"."version" = '20150308192047'[0m
  [1m[35m (10.4ms)[0m  commit transaction
  [1m[36mActiveRecord::SchemaMigration Load (0.2ms)[0m  [1mSELECT "schema_migrations".* FROM "schema_migrations"[0m
  [1m[35m (0.2ms)[0m              SELECT sql
            FROM sqlite_master
            WHERE name='index_events_on_locations_id' AND type='index'
            UNION ALL
            SELECT sql
            FROM sqlite_temp_master
            WHERE name='index_events_on_locations_id' AND type='index'

  [1m[36m (0.2ms)[0m  [1m            SELECT sql
            FROM sqlite_master
            WHERE name='index_locations_on_events_id' AND type='index'
            UNION ALL
            SELECT sql
            FROM sqlite_temp_master
            WHERE name='index_locations_on_events_id' AND type='index'
[0m
  [1m[35m (0.2ms)[0m              SELECT sql
            FROM sqlite_master
            WHERE name='index_locations_on_event_id' AND type='index'
            UNION ALL
            SELECT sql
            FROM sqlite_temp_master
            WHERE name='index_locations_on_event_id' AND type='index'

  [1m[36m (19.8ms)[0m  [1mCREATE TABLE "events" ("id" INTEGER PRIMARY KEY AUTOINCREMENT NOT NULL, "name" varchar(255), "locations_id" integer, "created_at" datetime, "updated_at" datetime) [0m
  [1m[35m (0.2ms)[0m  select sqlite_version(*)
  [1m[36m (12.9ms)[0m  [1mCREATE  INDEX "index_events_on_locations_id" ON "events" ("locations_id")[0m
  [1m[35m (16.3ms)[0m  CREATE TABLE "locations" ("id" INTEGER PRIMARY KEY AUTOINCREMENT NOT NULL, "name" varchar(255), "tag" varchar(255), "event_id" integer, "events_id" integer, "created_at" datetime, "updated_at" datetime) 
  [1m[36m (12.8ms)[0m  [1mCREATE  INDEX "index_locations_on_event_id" ON "locations" ("event_id")[0m
  [1m[35m (0.3ms)[0m              SELECT sql
            FROM sqlite_master
            WHERE name='index_locations_on_event_id' AND type='index'
            UNION ALL
            SELECT sql
            FROM sqlite_temp_master
            WHERE name='index_locations_on_event_id' AND type='index'

  [1m[36m (18.0ms)[0m  [1mCREATE  INDEX "index_locations_on_events_id" ON "locations" ("events_id")[0m
  [1m[35m (11.7ms)[0m  CREATE TABLE "schema_migrations" ("version" varchar(255) NOT NULL) 
  [1m[36m (8.1ms)[0m  [1mCREATE UNIQUE INDEX "unique_schema_migrations" ON "schema_migrations" ("version")[0m
  [1m[35m (0.2ms)[0m  SELECT version FROM "schema_migrations"
  [1m[36m (10.7ms)[0m  [1mINSERT INTO "schema_migrations" (version) VALUES ('20150308191832')[0m
  [1m[35m (7.8ms)[0m  INSERT INTO "schema_migrations" (version) VALUES ('20150308191822')
  [1m[36m (14.4ms)[0m  [1mCREATE TABLE "events" ("id" INTEGER PRIMARY KEY AUTOINCREMENT NOT NULL, "name" varchar(255), "locations_id" integer, "created_at" datetime, "updated_at" datetime) [0m
  [1m[35m (0.1ms)[0m  select sqlite_version(*)
  [1m[36m (11.2ms)[0m  [1mCREATE  INDEX "index_events_on_locations_id" ON "events" ("locations_id")[0m
  [1m[35m (16.8ms)[0m  CREATE TABLE "locations" ("id" INTEGER PRIMARY KEY AUTOINCREMENT NOT NULL, "name" varchar(255), "tag" varchar(255), "event_id" integer, "events_id" integer, "created_at" datetime, "updated_at" datetime) 
  [1m[36m (10.9ms)[0m  [1mCREATE  INDEX "index_locations_on_event_id" ON "locations" ("event_id")[0m
  [1m[35m (0.2ms)[0m              SELECT sql
            FROM sqlite_master
            WHERE name='index_locations_on_event_id' AND type='index'
            UNION ALL
            SELECT sql
            FROM sqlite_temp_master
            WHERE name='index_locations_on_event_id' AND type='index'

  [1m[36m (16.8ms)[0m  [1mCREATE  INDEX "index_locations_on_events_id" ON "locations" ("events_id")[0m
  [1m[35m (15.6ms)[0m  CREATE TABLE "schema_migrations" ("version" varchar(255) NOT NULL) 
  [1m[36m (13.9ms)[0m  [1mCREATE UNIQUE INDEX "unique_schema_migrations" ON "schema_migrations" ("version")[0m
  [1m[35m (0.2ms)[0m  SELECT version FROM "schema_migrations"
  [1m[36m (11.8ms)[0m  [1mINSERT INTO "schema_migrations" (version) VALUES ('20150308191832')[0m
  [1m[35m (11.3ms)[0m  INSERT INTO "schema_migrations" (version) VALUES ('20150308191822')
  [1m[36mActiveRecord::SchemaMigration Load (0.3ms)[0m  [1mSELECT "schema_migrations".* FROM "schema_migrations"[0m
  [1m[36mActiveRecord::SchemaMigration Load (0.2ms)[0m  [1mSELECT "schema_migrations".* FROM "schema_migrations"[0m
Migrating to CreateEventsLocations (20150308192047)
  [1m[35m (0.1ms)[0m  begin transaction
  [1m[36m (0.2ms)[0m  [1mCREATE TABLE "events_locations" () [0m
SQLite3::SQLException: near ")": syntax error: CREATE TABLE "events_locations" () 
  [1m[35m (0.1ms)[0m  rollback transaction
  [1m[36mActiveRecord::SchemaMigration Load (0.2ms)[0m  [1mSELECT "schema_migrations".* FROM "schema_migrations"[0m
Migrating to CreateEventsLocations (20150308192047)
  [1m[35m (0.2ms)[0m  begin transaction
  [1m[36m (0.2ms)[0m  [1mCREATE TABLE "events_locations" () [0m
SQLite3::SQLException: near ")": syntax error: CREATE TABLE "events_locations" () 
  [1m[35m (0.1ms)[0m  rollback transaction
  [1m[36mActiveRecord::SchemaMigration Load (0.2ms)[0m  [1mSELECT "schema_migrations".* FROM "schema_migrations"[0m
  [1m[35mActiveRecord::SchemaMigration Load (0.1ms)[0m  SELECT "schema_migrations".* FROM "schema_migrations"
Migrating to CreateLocations (20150308191832)
  [1m[36m (0.1ms)[0m  [1mbegin transaction[0m
  [1m[35m (0.7ms)[0m  DROP TABLE "locations"
  [1m[36mSQL (0.2ms)[0m  [1mDELETE FROM "schema_migrations" WHERE "schema_migrations"."version" = '20150308191832'[0m
  [1m[35m (15.0ms)[0m  commit transaction
  [1m[36mActiveRecord::SchemaMigration Load (0.2ms)[0m  [1mSELECT "schema_migrations".* FROM "schema_migrations"[0m
  [1m[35m (0.2ms)[0m              SELECT sql
            FROM sqlite_master
            WHERE name='index_events_on_locations_id' AND type='index'
            UNION ALL
            SELECT sql
            FROM sqlite_temp_master
            WHERE name='index_events_on_locations_id' AND type='index'

  [1m[36mActiveRecord::SchemaMigration Load (0.2ms)[0m  [1mSELECT "schema_migrations".* FROM "schema_migrations"[0m
  [1m[35mActiveRecord::SchemaMigration Load (0.2ms)[0m  SELECT "schema_migrations".* FROM "schema_migrations"
Migrating to CreateEvents (20150308191822)
  [1m[36m (0.1ms)[0m  [1mbegin transaction[0m
  [1m[35m (0.7ms)[0m  DROP TABLE "events"
  [1m[36mSQL (0.2ms)[0m  [1mDELETE FROM "schema_migrations" WHERE "schema_migrations"."version" = '20150308191822'[0m
  [1m[35m (12.3ms)[0m  commit transaction
  [1m[36mActiveRecord::SchemaMigration Load (0.1ms)[0m  [1mSELECT "schema_migrations".* FROM "schema_migrations"[0m
  [1m[36mActiveRecord::SchemaMigration Load (0.1ms)[0m  [1mSELECT "schema_migrations".* FROM "schema_migrations"[0m
Migrating to CreateEvents (20150308191822)
  [1m[35m (0.1ms)[0m  begin transaction
  [1m[36m (0.6ms)[0m  [1mCREATE TABLE "events" ("id" INTEGER PRIMARY KEY AUTOINCREMENT NOT NULL, "name" varchar(255), "locations_id" integer, "created_at" datetime, "updated_at" datetime) [0m
  [1m[35m (0.1ms)[0m  select sqlite_version(*)
  [1m[36m (0.2ms)[0m  [1mCREATE  INDEX "index_events_on_locations_id" ON "events" ("locations_id")[0m
  [1m[35mSQL (0.3ms)[0m  INSERT INTO "schema_migrations" ("version") VALUES (?)  [["version", "20150308191822"]]
  [1m[36m (10.9ms)[0m  [1mcommit transaction[0m
Migrating to CreateLocations (20150308191832)
  [1m[35m (0.1ms)[0m  begin transaction
  [1m[36m (0.5ms)[0m  [1mCREATE TABLE "locations" ("id" INTEGER PRIMARY KEY AUTOINCREMENT NOT NULL, "name" varchar(255), "tag" varchar(255), "events_id" integer, "created_at" datetime, "updated_at" datetime) [0m
  [1m[35m (0.2ms)[0m  CREATE  INDEX "index_locations_on_events_id" ON "locations" ("events_id")
  [1m[36mSQL (0.2ms)[0m  [1mINSERT INTO "schema_migrations" ("version") VALUES (?)[0m  [["version", "20150308191832"]]
  [1m[35m (10.0ms)[0m  commit transaction
Migrating to CreateEventsLocations (20150308192047)
  [1m[36m (0.1ms)[0m  [1mbegin transaction[0m
  [1m[35m (0.2ms)[0m  CREATE TABLE "events_locations" () 
SQLite3::SQLException: near ")": syntax error: CREATE TABLE "events_locations" () 
  [1m[36m (0.1ms)[0m  [1mrollback transaction[0m
  [1m[36mActiveRecord::SchemaMigration Load (0.1ms)[0m  [1mSELECT "schema_migrations".* FROM "schema_migrations"[0m
Migrating to CreateEventsLocations (20150308192047)
  [1m[35m (0.1ms)[0m  begin transaction
  [1m[36m (0.6ms)[0m  [1mCREATE TABLE "events_locations" ("id" INTEGER PRIMARY KEY AUTOINCREMENT NOT NULL) [0m
  [1m[35mSQL (0.2ms)[0m  INSERT INTO "schema_migrations" ("version") VALUES (?)  [["version", "20150308192047"]]
  [1m[36m (10.7ms)[0m  [1mcommit transaction[0m
  [1m[35mActiveRecord::SchemaMigration Load (0.2ms)[0m  SELECT "schema_migrations".* FROM "schema_migrations"
  [1m[36m (0.2ms)[0m  [1m            SELECT sql
            FROM sqlite_master
            WHERE name='index_events_on_locations_id' AND type='index'
            UNION ALL
            SELECT sql
            FROM sqlite_temp_master
            WHERE name='index_events_on_locations_id' AND type='index'
[0m
  [1m[35m (0.1ms)[0m              SELECT sql
            FROM sqlite_master
            WHERE name='index_locations_on_events_id' AND type='index'
            UNION ALL
            SELECT sql
            FROM sqlite_temp_master
            WHERE name='index_locations_on_events_id' AND type='index'

  [1m[36mActiveRecord::SchemaMigration Load (0.2ms)[0m  [1mSELECT "schema_migrations".* FROM "schema_migrations"[0m
  [1m[35mActiveRecord::SchemaMigration Load (0.1ms)[0m  SELECT "schema_migrations".* FROM "schema_migrations"
  [1m[36m (0.2ms)[0m  [1m            SELECT sql
            FROM sqlite_master
            WHERE name='index_events_on_locations_id' AND type='index'
            UNION ALL
            SELECT sql
            FROM sqlite_temp_master
            WHERE name='index_events_on_locations_id' AND type='index'
[0m
  [1m[35m (0.2ms)[0m              SELECT sql
            FROM sqlite_master
            WHERE name='index_locations_on_events_id' AND type='index'
            UNION ALL
            SELECT sql
            FROM sqlite_temp_master
            WHERE name='index_locations_on_events_id' AND type='index'

  [1m[36mEvent Load (2.5ms)[0m  [1mSELECT "events".* FROM "events"[0m
  [1m[36mActiveRecord::SchemaMigration Load (0.2ms)[0m  [1mSELECT "schema_migrations".* FROM "schema_migrations"[0m
  [1m[35m (0.1ms)[0m  begin transaction
  [1m[36mSQL (0.9ms)[0m  [1mINSERT INTO "events" ("created_at", "name", "updated_at") VALUES (?, ?, ?)[0m  [["created_at", "2015-03-08 19:48:51.865647"], ["name", "Event 1"], ["updated_at", "2015-03-08 19:48:51.865647"]]
  [1m[35m (13.4ms)[0m  commit transaction
  [1m[36m (0.1ms)[0m  [1mbegin transaction[0m
  [1m[35mSQL (1.6ms)[0m  INSERT INTO "events" ("created_at", "name", "updated_at") VALUES (?, ?, ?)  [["created_at", "2015-03-08 19:48:51.885325"], ["name", "Event 2"], ["updated_at", "2015-03-08 19:48:51.885325"]]
  [1m[36m (10.1ms)[0m  [1mcommit transaction[0m
  [1m[35m (0.1ms)[0m  begin transaction
  [1m[36mSQL (0.4ms)[0m  [1mINSERT INTO "locations" ("created_at", "name", "tag", "updated_at") VALUES (?, ?, ?, ?)[0m  [["created_at", "2015-03-08 19:48:51.910042"], ["name", "Locations 1"], ["tag", "NPsBQ3AL"], ["updated_at", "2015-03-08 19:48:51.910042"]]
  [1m[35m (10.8ms)[0m  commit transaction
  [1m[36m (0.1ms)[0m  [1mbegin transaction[0m
  [1m[35mSQL (0.3ms)[0m  INSERT INTO "locations" ("created_at", "name", "tag", "updated_at") VALUES (?, ?, ?, ?)  [["created_at", "2015-03-08 19:48:51.923245"], ["name", "Locations 2"], ["tag", "vkAub0S8"], ["updated_at", "2015-03-08 19:48:51.923245"]]
  [1m[36m (11.0ms)[0m  [1mcommit transaction[0m
  [1m[35m (0.1ms)[0m  begin transaction
  [1m[36mSQL (0.3ms)[0m  [1mINSERT INTO "locations" ("created_at", "name", "tag", "updated_at") VALUES (?, ?, ?, ?)[0m  [["created_at", "2015-03-08 19:48:51.936560"], ["name", "Locations 3"], ["tag", "H8z9OuGc"], ["updated_at", "2015-03-08 19:48:51.936560"]]
  [1m[35m (10.1ms)[0m  commit transaction
  [1m[36m (0.1ms)[0m  [1mbegin transaction[0m
  [1m[35mSQL (0.3ms)[0m  INSERT INTO "locations" ("created_at", "name", "tag", "updated_at") VALUES (?, ?, ?, ?)  [["created_at", "2015-03-08 19:48:51.949314"], ["name", "Locations 4"], ["tag", "7XwKrJ6f"], ["updated_at", "2015-03-08 19:48:51.949314"]]
  [1m[36m (9.6ms)[0m  [1mcommit transaction[0m
  [1m[35m (0.1ms)[0m  begin transaction
  [1m[36mSQL (0.6ms)[0m  [1mINSERT INTO "locations" ("created_at", "name", "tag", "updated_at") VALUES (?, ?, ?, ?)[0m  [["created_at", "2015-03-08 19:48:51.961375"], ["name", "Locations 5"], ["tag", "WK4pNdXe"], ["updated_at", "2015-03-08 19:48:51.961375"]]
  [1m[35m (9.5ms)[0m  commit transaction
  [1m[36mEvent Load (2.4ms)[0m  [1mSELECT "events".* FROM "events"[0m
  [1m[35mLocation Load (0.5ms)[0m  SELECT "locations".* FROM "locations"
